<?xml version="1.0" encoding="UTF-8"?>
<testng-results skipped="0" failed="0" ignored="0" total="1" passed="1">
  <reporter-output>
  </reporter-output>
  <suite name="Default suite" duration-ms="3314" started-at="2020-01-15T00:50:35Z" finished-at="2020-01-15T00:50:39Z">
    <groups>
    </groups>
    <test name="Default test" duration-ms="3314" started-at="2020-01-15T00:50:35Z" finished-at="2020-01-15T00:50:39Z">
      <class name="com.api.tests.DELETECallAPI">
        <test-method status="PASS" signature="deleteUserAPI()[pri:0, instance:com.api.tests.DELETECallAPI@5034c75a]" name="deleteUserAPI" duration-ms="3289" started-at="2020-01-14T19:50:35Z" finished-at="2020-01-14T19:50:39Z">
          <reporter-output>
          </reporter-output>
        </test-method> <!-- deleteUserAPI -->
      </class> <!-- com.api.tests.DELETECallAPI -->
    </test> <!-- Default test -->
  </suite> <!-- Default suite -->
</testng-results>
